2020-01-17 17:41:03,456 INFO o.a.j.u.JMeterUtils: Setting Locale to en_EN
2020-01-17 17:41:03,473 INFO o.a.j.JMeter: Loading user properties from: C:\Users\Trigen\Downloads\apache-jmeter-5.1.1\apache-jmeter-5.1.1\bin\user.properties
2020-01-17 17:41:03,474 INFO o.a.j.JMeter: Loading system properties from: C:\Users\Trigen\Downloads\apache-jmeter-5.1.1\apache-jmeter-5.1.1\bin\system.properties
2020-01-17 17:41:03,474 INFO o.a.j.JMeter: Setting JMeter property: jmeter.save.saveservice.output_format=xml
2020-01-17 17:41:03,491 INFO o.a.j.JMeter: Copyright (c) 1998-2019 The Apache Software Foundation
2020-01-17 17:41:03,491 INFO o.a.j.JMeter: Version 5.1.1 r1855137
2020-01-17 17:41:03,491 INFO o.a.j.JMeter: java.version=1.8.0_201
2020-01-17 17:41:03,491 INFO o.a.j.JMeter: java.vm.name=Java HotSpot(TM) 64-Bit Server VM
2020-01-17 17:41:03,491 INFO o.a.j.JMeter: os.name=Windows 7
2020-01-17 17:41:03,492 INFO o.a.j.JMeter: os.arch=amd64
2020-01-17 17:41:03,492 INFO o.a.j.JMeter: os.version=6.1
2020-01-17 17:41:03,492 INFO o.a.j.JMeter: file.encoding=Cp1252
2020-01-17 17:41:03,492 INFO o.a.j.JMeter: java.awt.headless=true
2020-01-17 17:41:03,492 INFO o.a.j.JMeter: Max memory     =1073741824
2020-01-17 17:41:03,492 INFO o.a.j.JMeter: Available Processors =4
2020-01-17 17:41:03,496 INFO o.a.j.JMeter: Default Locale=English (EN)
2020-01-17 17:41:03,497 INFO o.a.j.JMeter: JMeter  Locale=English (EN)
2020-01-17 17:41:03,497 INFO o.a.j.JMeter: JMeterHome=C:\Users\Trigen\Downloads\apache-jmeter-5.1.1\apache-jmeter-5.1.1
2020-01-17 17:41:03,497 INFO o.a.j.JMeter: user.dir  =C:\Program Files (x86)\Jenkins\workspace\Client_Onboarding
2020-01-17 17:41:03,497 INFO o.a.j.JMeter: PWD       =C:\Program Files (x86)\Jenkins\workspace\Client_Onboarding
2020-01-17 17:41:03,498 INFO o.a.j.JMeter: IP: 192.168.20.128 Name: Trigen-PC FullName: Trigen-PC
2020-01-17 17:41:03,503 INFO o.a.j.s.FileServer: Default base='C:\Program Files (x86)\Jenkins\workspace\Client_Onboarding'
2020-01-17 17:41:03,508 INFO o.a.j.s.FileServer: Set new base='C:\Users\Trigen\Downloads\apache-jmeter-5.1.1\apache-jmeter-5.1.1\extras'
2020-01-17 17:41:03,655 INFO o.a.j.s.SaveService: Testplan (JMX) version: 2.2. Testlog (JTL) version: 2.2
2020-01-17 17:41:03,672 INFO o.a.j.s.SaveService: Using SaveService properties file encoding UTF-8
2020-01-17 17:41:03,677 INFO o.a.j.s.SaveService: Using SaveService properties version 5.0
2020-01-17 17:41:03,684 INFO o.a.j.s.SaveService: Loading file: C:\Users\Trigen\Downloads\apache-jmeter-5.1.1\apache-jmeter-5.1.1\extras\Client-OnBoarding.jmx
2020-01-17 17:41:03,738 INFO o.a.j.p.h.c.CookieManager: Settings: Delete null: true Check: true Allow variable: true Save: false Prefix: COOKIE_
2020-01-17 17:41:03,741 INFO o.a.j.p.h.c.CacheManager: Will only cache the following methods: [GET]
2020-01-17 17:41:03,758 INFO o.a.j.p.h.s.HTTPSamplerBase: Parser for text/html is org.apache.jmeter.protocol.http.parser.LagartoBasedHtmlParser
2020-01-17 17:41:03,758 INFO o.a.j.p.h.s.HTTPSamplerBase: Parser for application/xhtml+xml is org.apache.jmeter.protocol.http.parser.LagartoBasedHtmlParser
2020-01-17 17:41:03,758 INFO o.a.j.p.h.s.HTTPSamplerBase: Parser for application/xml is org.apache.jmeter.protocol.http.parser.LagartoBasedHtmlParser
2020-01-17 17:41:03,758 INFO o.a.j.p.h.s.HTTPSamplerBase: Parser for text/xml is org.apache.jmeter.protocol.http.parser.LagartoBasedHtmlParser
2020-01-17 17:41:03,758 INFO o.a.j.p.h.s.HTTPSamplerBase: Parser for text/vnd.wap.wml is org.apache.jmeter.protocol.http.parser.RegexpHTMLParser
2020-01-17 17:41:03,758 INFO o.a.j.p.h.s.HTTPSamplerBase: Parser for text/css is org.apache.jmeter.protocol.http.parser.CssParser
2020-01-17 17:41:03,842 INFO o.a.j.JMeter: Creating summariser <summary>
2020-01-17 17:41:03,855 INFO o.a.j.e.StandardJMeterEngine: Running the test!
2020-01-17 17:41:03,856 INFO o.a.j.s.SampleEvent: List of sample_variables: []
2020-01-17 17:41:03,856 INFO o.a.j.s.SampleEvent: List of sample_variables: []
2020-01-17 17:41:03,863 INFO o.a.j.e.u.CompoundVariable: Note: Function class names must contain the string: '.functions.'
2020-01-17 17:41:03,863 INFO o.a.j.e.u.CompoundVariable: Note: Function class names must not contain the string: '.gui.'
2020-01-17 17:41:04,307 INFO o.a.j.JMeter: Running test (1579263064306)
2020-01-17 17:41:04,356 INFO o.a.j.e.StandardJMeterEngine: Starting ThreadGroup: 1 : Thread Group
2020-01-17 17:41:04,357 INFO o.a.j.e.StandardJMeterEngine: Starting 1 threads for group Thread Group.
2020-01-17 17:41:04,357 INFO o.a.j.e.StandardJMeterEngine: Thread will continue on error
2020-01-17 17:41:04,357 INFO o.a.j.t.ThreadGroup: Starting thread group... number=1 threads=1 ramp-up=1 delayedStart=false
2020-01-17 17:41:04,367 INFO o.a.j.t.ThreadGroup: Started thread group number 1
2020-01-17 17:41:04,367 INFO o.a.j.e.StandardJMeterEngine: All thread groups have been started
2020-01-17 17:41:04,373 INFO o.a.j.s.SampleResult: Note: Sample TimeStamps are START times
2020-01-17 17:41:04,373 INFO o.a.j.s.SampleResult: sampleresult.default.encoding is set to ISO-8859-1
2020-01-17 17:41:04,373 INFO o.a.j.s.SampleResult: sampleresult.useNanoTime=true
2020-01-17 17:41:04,373 INFO o.a.j.s.SampleResult: sampleresult.nanoThreadSleep=5000
2020-01-17 17:41:04,374 INFO o.a.j.t.JMeterThread: Thread started: Thread Group 1-1
2020-01-17 17:41:04,394 INFO o.a.j.p.h.s.HTTPHCAbstractImpl: Local host = Trigen-PC
2020-01-17 17:41:04,401 INFO o.a.j.p.h.s.HTTPHC4Impl: HTTP request retry count = 0
2020-01-17 17:41:04,520 INFO o.a.j.r.Summariser: summary +      1 in 00:00:00 =    4.7/s Avg:    48 Min:    48 Max:    48 Err:     1 (100.00%) Active: 1 Started: 1 Finished: 0
2020-01-17 17:41:06,405 INFO o.a.j.p.h.p.BaseParser: Created org.apache.jmeter.protocol.http.parser.LagartoBasedHtmlParser
2020-01-17 17:41:06,479 INFO o.a.j.p.h.s.ResourcesDownloader: Creating ResourcesDownloader with keepalive_inseconds : 60
2020-01-17 17:41:06,534 INFO o.a.j.p.h.s.h.LazyLayeredConnectionSocketFactory: Setting up HTTPS TrustAll Socket Factory
2020-01-17 17:41:06,549 INFO o.a.j.u.JsseSSLManager: Using default SSL protocol: TLS
2020-01-17 17:41:06,549 INFO o.a.j.u.JsseSSLManager: SSL session context: per-thread
2020-01-17 17:41:06,558 INFO o.a.j.p.h.p.BaseParser: Created org.apache.jmeter.protocol.http.parser.CssParser
2020-01-17 17:41:07,161 INFO o.a.j.u.SSLManager: JmeterKeyStore Location:  type JKS
2020-01-17 17:41:07,162 INFO o.a.j.u.SSLManager: KeyStore created OK
2020-01-17 17:41:07,162 WARN o.a.j.u.SSLManager: Keystore file not found, loading empty keystore
2020-01-17 17:41:34,493 INFO o.a.j.r.Summariser: summary +      4 in 00:00:30 =    0.1/s Avg:  5475 Min:     4 Max: 11541 Err:     3 (75.00%) Active: 1 Started: 1 Finished: 0
2020-01-17 17:41:34,494 INFO o.a.j.r.Summariser: summary =      5 in 00:00:30 =    0.2/s Avg:  4389 Min:     4 Max: 11541 Err:     4 (80.00%)
2020-01-17 17:42:00,391 INFO o.a.j.r.Summariser: summary +      3 in 00:00:26 =    0.1/s Avg:  1579 Min:   240 Max:  4247 Err:     3 (100.00%) Active: 1 Started: 1 Finished: 0
2020-01-17 17:42:00,392 INFO o.a.j.r.Summariser: summary =      8 in 00:00:56 =    0.1/s Avg:  3336 Min:     4 Max: 11541 Err:     7 (87.50%)
2020-01-17 17:44:03,085 INFO o.a.j.r.Summariser: summary +      9 in 00:02:03 =    0.1/s Avg:  1832 Min:   178 Max:  6994 Err:     9 (100.00%) Active: 1 Started: 1 Finished: 0
2020-01-17 17:44:03,085 INFO o.a.j.r.Summariser: summary =     17 in 00:02:59 =    0.1/s Avg:  2540 Min:     4 Max: 11541 Err:    16 (94.12%)
2020-01-17 17:44:12,586 INFO o.a.j.t.JMeterThread: Thread is done: Thread Group 1-1
2020-01-17 17:44:12,586 INFO o.a.j.t.JMeterThread: Thread finished: Thread Group 1-1
2020-01-17 17:44:12,590 INFO o.a.j.e.StandardJMeterEngine: Notifying test listeners of end of test
2020-01-17 17:44:12,591 INFO o.a.j.r.Summariser: summary +      2 in 00:00:10 =    0.2/s Avg:   530 Min:   216 Max:   845 Err:     1 (50.00%) Active: 0 Started: 1 Finished: 1
2020-01-17 17:44:12,592 INFO o.a.j.r.Summariser: summary =     19 in 00:03:08 =    0.1/s Avg:  2328 Min:     4 Max: 11541 Err:    17 (89.47%)
