2020-01-16 11:13:48,247 INFO o.a.j.u.JMeterUtils: Setting Locale to en_EN
2020-01-16 11:13:48,335 INFO o.a.j.JMeter: Loading user properties from: C:\Users\Trigen\Downloads\apache-jmeter-5.1.1\apache-jmeter-5.1.1\bin\user.properties
2020-01-16 11:13:48,376 INFO o.a.j.JMeter: Loading system properties from: C:\Users\Trigen\Downloads\apache-jmeter-5.1.1\apache-jmeter-5.1.1\bin\system.properties
2020-01-16 11:13:48,392 INFO o.a.j.JMeter: Setting JMeter property: jmeter.save.saveservice.output_format=xml
2020-01-16 11:13:48,425 INFO o.a.j.JMeter: Copyright (c) 1998-2019 The Apache Software Foundation
2020-01-16 11:13:48,425 INFO o.a.j.JMeter: Version 5.1.1 r1855137
2020-01-16 11:13:48,425 INFO o.a.j.JMeter: java.version=1.8.0_201
2020-01-16 11:13:48,425 INFO o.a.j.JMeter: java.vm.name=Java HotSpot(TM) 64-Bit Server VM
2020-01-16 11:13:48,425 INFO o.a.j.JMeter: os.name=Windows 7
2020-01-16 11:13:48,425 INFO o.a.j.JMeter: os.arch=amd64
2020-01-16 11:13:48,426 INFO o.a.j.JMeter: os.version=6.1
2020-01-16 11:13:48,426 INFO o.a.j.JMeter: file.encoding=Cp1252
2020-01-16 11:13:48,426 INFO o.a.j.JMeter: java.awt.headless=true
2020-01-16 11:13:48,426 INFO o.a.j.JMeter: Max memory     =1073741824
2020-01-16 11:13:48,426 INFO o.a.j.JMeter: Available Processors =4
2020-01-16 11:13:48,476 INFO o.a.j.JMeter: Default Locale=English (EN)
2020-01-16 11:13:48,476 INFO o.a.j.JMeter: JMeter  Locale=English (EN)
2020-01-16 11:13:48,477 INFO o.a.j.JMeter: JMeterHome=C:\Users\Trigen\Downloads\apache-jmeter-5.1.1\apache-jmeter-5.1.1
2020-01-16 11:13:48,477 INFO o.a.j.JMeter: user.dir  =C:\Program Files (x86)\Jenkins\workspace\t
2020-01-16 11:13:48,477 INFO o.a.j.JMeter: PWD       =C:\Program Files (x86)\Jenkins\workspace\t
2020-01-16 11:13:48,478 INFO o.a.j.JMeter: IP: 192.168.20.128 Name: Trigen-PC FullName: Trigen-PC
2020-01-16 11:13:48,579 INFO o.a.j.s.FileServer: Default base='C:\Program Files (x86)\Jenkins\workspace\t'
2020-01-16 11:13:48,649 INFO o.a.j.s.FileServer: Set new base='C:\Users\Trigen\Downloads\apache-jmeter-5.1.1\apache-jmeter-5.1.1\extras'
2020-01-16 11:13:49,305 INFO o.a.j.s.SaveService: Testplan (JMX) version: 2.2. Testlog (JTL) version: 2.2
2020-01-16 11:13:49,421 INFO o.a.j.s.SaveService: Using SaveService properties file encoding UTF-8
2020-01-16 11:13:49,455 INFO o.a.j.s.SaveService: Using SaveService properties version 5.0
2020-01-16 11:13:49,464 INFO o.a.j.s.SaveService: Loading file: C:\Users\Trigen\Downloads\apache-jmeter-5.1.1\apache-jmeter-5.1.1\extras\reject_reason.jmx
2020-01-16 11:13:49,590 INFO o.a.j.p.h.s.HTTPSamplerBase: Parser for text/html is org.apache.jmeter.protocol.http.parser.LagartoBasedHtmlParser
2020-01-16 11:13:49,590 INFO o.a.j.p.h.s.HTTPSamplerBase: Parser for application/xhtml+xml is org.apache.jmeter.protocol.http.parser.LagartoBasedHtmlParser
2020-01-16 11:13:49,590 INFO o.a.j.p.h.s.HTTPSamplerBase: Parser for application/xml is org.apache.jmeter.protocol.http.parser.LagartoBasedHtmlParser
2020-01-16 11:13:49,591 INFO o.a.j.p.h.s.HTTPSamplerBase: Parser for text/xml is org.apache.jmeter.protocol.http.parser.LagartoBasedHtmlParser
2020-01-16 11:13:49,591 INFO o.a.j.p.h.s.HTTPSamplerBase: Parser for text/vnd.wap.wml is org.apache.jmeter.protocol.http.parser.RegexpHTMLParser
2020-01-16 11:13:49,591 INFO o.a.j.p.h.s.HTTPSamplerBase: Parser for text/css is org.apache.jmeter.protocol.http.parser.CssParser
2020-01-16 11:13:50,140 INFO o.a.j.e.KeyToolUtils: keytool found at 'keytool'
2020-01-16 11:13:50,141 INFO o.a.j.p.h.p.ProxyControl: HTTP(S) Test Script Recorder SSL Proxy will use keys that support embedded 3rd party resources in file C:\Users\Trigen\Downloads\apache-jmeter-5.1.1\apache-jmeter-5.1.1\bin\proxyserver.jks
2020-01-16 11:13:50,217 INFO o.a.j.JMeter: Creating summariser <summary>
2020-01-16 11:13:50,225 INFO o.a.j.e.StandardJMeterEngine: Running the test!
2020-01-16 11:13:50,232 INFO o.a.j.s.SampleEvent: List of sample_variables: []
2020-01-16 11:13:50,233 INFO o.a.j.s.SampleEvent: List of sample_variables: []
2020-01-16 11:13:50,249 INFO o.a.j.e.u.CompoundVariable: Note: Function class names must contain the string: '.functions.'
2020-01-16 11:13:50,249 INFO o.a.j.e.u.CompoundVariable: Note: Function class names must not contain the string: '.gui.'
2020-01-16 11:13:51,510 INFO o.a.j.JMeter: Running test (1579153431510)
2020-01-16 11:13:51,575 INFO o.a.j.e.StandardJMeterEngine: Starting ThreadGroup: 1 : Thread Group
2020-01-16 11:13:51,575 INFO o.a.j.e.StandardJMeterEngine: Starting 10 threads for group Thread Group.
2020-01-16 11:13:51,577 INFO o.a.j.e.StandardJMeterEngine: Thread will continue on error
2020-01-16 11:13:51,577 INFO o.a.j.t.ThreadGroup: Starting thread group... number=1 threads=10 ramp-up=1 delayedStart=false
2020-01-16 11:13:51,608 INFO o.a.j.t.JMeterThread: Thread started: Thread Group 1-1
2020-01-16 11:13:51,667 INFO o.a.j.t.ThreadGroup: Started thread group number 1
2020-01-16 11:13:51,667 INFO o.a.j.e.StandardJMeterEngine: All thread groups have been started
2020-01-16 11:13:51,736 INFO o.a.j.p.h.s.HTTPHCAbstractImpl: Local host = Trigen-PC
2020-01-16 11:13:51,759 INFO o.a.j.p.h.s.HTTPHC4Impl: HTTP request retry count = 0
2020-01-16 11:13:51,761 INFO o.a.j.s.SampleResult: Note: Sample TimeStamps are START times
2020-01-16 11:13:51,761 INFO o.a.j.s.SampleResult: sampleresult.default.encoding is set to ISO-8859-1
2020-01-16 11:13:51,761 INFO o.a.j.s.SampleResult: sampleresult.useNanoTime=true
2020-01-16 11:13:51,762 INFO o.a.j.s.SampleResult: sampleresult.nanoThreadSleep=5000
2020-01-16 11:13:51,807 INFO o.a.j.t.JMeterThread: Thread started: Thread Group 1-2
2020-01-16 11:13:51,878 INFO o.a.j.t.JMeterThread: Thread started: Thread Group 1-3
2020-01-16 11:13:51,954 INFO o.a.j.t.JMeterThread: Thread started: Thread Group 1-4
2020-01-16 11:13:52,065 INFO o.a.j.t.JMeterThread: Thread started: Thread Group 1-5
2020-01-16 11:13:52,158 INFO o.a.j.t.JMeterThread: Thread started: Thread Group 1-6
2020-01-16 11:13:52,254 INFO o.a.j.t.JMeterThread: Thread started: Thread Group 1-7
2020-01-16 11:13:52,349 INFO o.a.j.t.JMeterThread: Thread started: Thread Group 1-8
2020-01-16 11:13:52,445 INFO o.a.j.t.JMeterThread: Thread started: Thread Group 1-9
2020-01-16 11:13:52,541 INFO o.a.j.t.JMeterThread: Thread started: Thread Group 1-10
2020-01-16 11:13:59,915 INFO o.a.j.t.JMeterThread: Thread is done: Thread Group 1-8
2020-01-16 11:13:59,915 INFO o.a.j.t.JMeterThread: Thread finished: Thread Group 1-8
2020-01-16 11:13:59,948 INFO o.a.j.t.JMeterThread: Thread is done: Thread Group 1-2
2020-01-16 11:13:59,948 INFO o.a.j.t.JMeterThread: Thread finished: Thread Group 1-2
2020-01-16 11:13:59,971 INFO o.a.j.t.JMeterThread: Thread is done: Thread Group 1-4
2020-01-16 11:13:59,971 INFO o.a.j.t.JMeterThread: Thread finished: Thread Group 1-4
2020-01-16 11:14:00,004 INFO o.a.j.r.Summariser: summary +    789 in 00:00:08 =   92.9/s Avg:    96 Min:     2 Max:  1982 Err:    75 (9.51%) Active: 7 Started: 10 Finished: 3
2020-01-16 11:14:00,004 INFO o.a.j.t.JMeterThread: Thread is done: Thread Group 1-3
2020-01-16 11:14:00,004 INFO o.a.j.t.JMeterThread: Thread finished: Thread Group 1-3
2020-01-16 11:14:00,203 INFO o.a.j.t.JMeterThread: Thread is done: Thread Group 1-7
2020-01-16 11:14:00,203 INFO o.a.j.t.JMeterThread: Thread finished: Thread Group 1-7
2020-01-16 11:14:00,260 INFO o.a.j.t.JMeterThread: Thread is done: Thread Group 1-6
2020-01-16 11:14:00,260 INFO o.a.j.t.JMeterThread: Thread finished: Thread Group 1-6
2020-01-16 11:14:00,326 INFO o.a.j.t.JMeterThread: Thread is done: Thread Group 1-1
2020-01-16 11:14:00,326 INFO o.a.j.t.JMeterThread: Thread finished: Thread Group 1-1
2020-01-16 11:14:00,328 INFO o.a.j.t.JMeterThread: Thread is done: Thread Group 1-9
2020-01-16 11:14:00,329 INFO o.a.j.t.JMeterThread: Thread finished: Thread Group 1-9
2020-01-16 11:14:00,336 INFO o.a.j.t.JMeterThread: Thread is done: Thread Group 1-10
2020-01-16 11:14:00,336 INFO o.a.j.t.JMeterThread: Thread finished: Thread Group 1-10
2020-01-16 11:14:00,502 INFO o.a.j.t.JMeterThread: Thread is done: Thread Group 1-5
2020-01-16 11:14:00,502 INFO o.a.j.t.JMeterThread: Thread finished: Thread Group 1-5
2020-01-16 11:14:00,503 INFO o.a.j.e.StandardJMeterEngine: Notifying test listeners of end of test
2020-01-16 11:14:00,504 INFO o.a.j.r.Summariser: summary +    161 in 00:00:01 =  321.4/s Avg:    18 Min:     1 Max:   993 Err:    55 (34.16%) Active: 0 Started: 10 Finished: 10
2020-01-16 11:14:00,505 INFO o.a.j.r.Summariser: summary =    950 in 00:00:09 =  105.6/s Avg:    83 Min:     1 Max:  1982 Err:   130 (13.68%)
