2020-01-17 12:55:55,067 INFO o.a.j.u.JMeterUtils: Setting Locale to en_EN
2020-01-17 12:55:55,087 INFO o.a.j.JMeter: Loading user properties from: C:\Users\Trigen\Downloads\apache-jmeter-5.1.1\apache-jmeter-5.1.1\bin\user.properties
2020-01-17 12:55:55,088 INFO o.a.j.JMeter: Loading system properties from: C:\Users\Trigen\Downloads\apache-jmeter-5.1.1\apache-jmeter-5.1.1\bin\system.properties
2020-01-17 12:55:55,090 INFO o.a.j.JMeter: Setting JMeter property: jmeter.save.saveservice.output_format=xml
2020-01-17 12:55:55,107 INFO o.a.j.JMeter: Copyright (c) 1998-2019 The Apache Software Foundation
2020-01-17 12:55:55,107 INFO o.a.j.JMeter: Version 5.1.1 r1855137
2020-01-17 12:55:55,107 INFO o.a.j.JMeter: java.version=1.8.0_201
2020-01-17 12:55:55,107 INFO o.a.j.JMeter: java.vm.name=Java HotSpot(TM) 64-Bit Server VM
2020-01-17 12:55:55,107 INFO o.a.j.JMeter: os.name=Windows 7
2020-01-17 12:55:55,107 INFO o.a.j.JMeter: os.arch=amd64
2020-01-17 12:55:55,107 INFO o.a.j.JMeter: os.version=6.1
2020-01-17 12:55:55,107 INFO o.a.j.JMeter: file.encoding=Cp1252
2020-01-17 12:55:55,107 INFO o.a.j.JMeter: java.awt.headless=true
2020-01-17 12:55:55,108 INFO o.a.j.JMeter: Max memory     =1073741824
2020-01-17 12:55:55,108 INFO o.a.j.JMeter: Available Processors =4
2020-01-17 12:55:55,113 INFO o.a.j.JMeter: Default Locale=English (EN)
2020-01-17 12:55:55,113 INFO o.a.j.JMeter: JMeter  Locale=English (EN)
2020-01-17 12:55:55,113 INFO o.a.j.JMeter: JMeterHome=C:\Users\Trigen\Downloads\apache-jmeter-5.1.1\apache-jmeter-5.1.1
2020-01-17 12:55:55,114 INFO o.a.j.JMeter: user.dir  =C:\Program Files (x86)\Jenkins\workspace\jmeter with jenkins
2020-01-17 12:55:55,114 INFO o.a.j.JMeter: PWD       =C:\Program Files (x86)\Jenkins\workspace\jmeter with jenkins
2020-01-17 12:55:55,115 INFO o.a.j.JMeter: IP: 192.168.20.128 Name: Trigen-PC FullName: Trigen-PC
2020-01-17 12:55:55,119 INFO o.a.j.s.FileServer: Default base='C:\Program Files (x86)\Jenkins\workspace\jmeter with jenkins'
2020-01-17 12:55:55,125 INFO o.a.j.s.FileServer: Set new base='C:\Users\Trigen\Downloads\apache-jmeter-5.1.1\apache-jmeter-5.1.1\extras'
2020-01-17 12:55:55,298 INFO o.a.j.s.SaveService: Testplan (JMX) version: 2.2. Testlog (JTL) version: 2.2
2020-01-17 12:55:55,319 INFO o.a.j.s.SaveService: Using SaveService properties file encoding UTF-8
2020-01-17 12:55:55,325 INFO o.a.j.s.SaveService: Using SaveService properties version 5.0
2020-01-17 12:55:55,333 INFO o.a.j.s.SaveService: Loading file: C:\Users\Trigen\Downloads\apache-jmeter-5.1.1\apache-jmeter-5.1.1\extras\reject_reason.jmx
2020-01-17 12:55:55,402 INFO o.a.j.p.h.s.HTTPSamplerBase: Parser for text/html is org.apache.jmeter.protocol.http.parser.LagartoBasedHtmlParser
2020-01-17 12:55:55,403 INFO o.a.j.p.h.s.HTTPSamplerBase: Parser for application/xhtml+xml is org.apache.jmeter.protocol.http.parser.LagartoBasedHtmlParser
2020-01-17 12:55:55,403 INFO o.a.j.p.h.s.HTTPSamplerBase: Parser for application/xml is org.apache.jmeter.protocol.http.parser.LagartoBasedHtmlParser
2020-01-17 12:55:55,403 INFO o.a.j.p.h.s.HTTPSamplerBase: Parser for text/xml is org.apache.jmeter.protocol.http.parser.LagartoBasedHtmlParser
2020-01-17 12:55:55,403 INFO o.a.j.p.h.s.HTTPSamplerBase: Parser for text/vnd.wap.wml is org.apache.jmeter.protocol.http.parser.RegexpHTMLParser
2020-01-17 12:55:55,403 INFO o.a.j.p.h.s.HTTPSamplerBase: Parser for text/css is org.apache.jmeter.protocol.http.parser.CssParser
2020-01-17 12:55:55,811 INFO o.a.j.e.KeyToolUtils: keytool found at 'keytool'
2020-01-17 12:55:55,811 INFO o.a.j.p.h.p.ProxyControl: HTTP(S) Test Script Recorder SSL Proxy will use keys that support embedded 3rd party resources in file C:\Users\Trigen\Downloads\apache-jmeter-5.1.1\apache-jmeter-5.1.1\bin\proxyserver.jks
2020-01-17 12:55:55,842 INFO o.a.j.JMeter: Creating summariser <summary>
2020-01-17 12:55:55,842 INFO o.a.j.e.StandardJMeterEngine: Running the test!
2020-01-17 12:55:55,842 INFO o.a.j.s.SampleEvent: List of sample_variables: []
2020-01-17 12:55:55,842 INFO o.a.j.s.SampleEvent: List of sample_variables: []
2020-01-17 12:55:55,858 INFO o.a.j.e.u.CompoundVariable: Note: Function class names must contain the string: '.functions.'
2020-01-17 12:55:55,858 INFO o.a.j.e.u.CompoundVariable: Note: Function class names must not contain the string: '.gui.'
2020-01-17 12:55:56,274 INFO o.a.j.JMeter: Running test (1579245956274)
2020-01-17 12:55:56,320 INFO o.a.j.e.StandardJMeterEngine: Starting ThreadGroup: 1 : Thread Group
2020-01-17 12:55:56,320 INFO o.a.j.e.StandardJMeterEngine: Starting 10 threads for group Thread Group.
2020-01-17 12:55:56,320 INFO o.a.j.e.StandardJMeterEngine: Thread will continue on error
2020-01-17 12:55:56,320 INFO o.a.j.t.ThreadGroup: Starting thread group... number=1 threads=10 ramp-up=1 delayedStart=false
2020-01-17 12:55:56,352 INFO o.a.j.t.JMeterThread: Thread started: Thread Group 1-1
2020-01-17 12:55:56,383 INFO o.a.j.p.h.s.HTTPHCAbstractImpl: Local host = Trigen-PC
2020-01-17 12:55:56,398 INFO o.a.j.p.h.s.HTTPHC4Impl: HTTP request retry count = 0
2020-01-17 12:55:56,398 INFO o.a.j.s.SampleResult: Note: Sample TimeStamps are START times
2020-01-17 12:55:56,398 INFO o.a.j.s.SampleResult: sampleresult.default.encoding is set to ISO-8859-1
2020-01-17 12:55:56,398 INFO o.a.j.s.SampleResult: sampleresult.useNanoTime=true
2020-01-17 12:55:56,398 INFO o.a.j.s.SampleResult: sampleresult.nanoThreadSleep=5000
2020-01-17 12:55:56,398 INFO o.a.j.t.ThreadGroup: Started thread group number 1
2020-01-17 12:55:56,398 INFO o.a.j.e.StandardJMeterEngine: All thread groups have been started
2020-01-17 12:55:56,498 INFO o.a.j.t.JMeterThread: Thread started: Thread Group 1-2
2020-01-17 12:55:56,614 INFO o.a.j.t.JMeterThread: Thread started: Thread Group 1-3
2020-01-17 12:55:56,698 INFO o.a.j.t.JMeterThread: Thread started: Thread Group 1-4
2020-01-17 12:55:56,782 INFO o.a.j.t.JMeterThread: Thread started: Thread Group 1-5
2020-01-17 12:55:56,867 INFO o.a.j.t.JMeterThread: Thread started: Thread Group 1-6
2020-01-17 12:55:56,967 INFO o.a.j.t.JMeterThread: Thread started: Thread Group 1-7
2020-01-17 12:55:57,067 INFO o.a.j.t.JMeterThread: Thread started: Thread Group 1-8
2020-01-17 12:55:57,152 INFO o.a.j.t.JMeterThread: Thread started: Thread Group 1-9
2020-01-17 12:55:57,252 INFO o.a.j.t.JMeterThread: Thread started: Thread Group 1-10
2020-01-17 12:56:00,021 INFO o.a.j.r.Summariser: summary +    332 in 00:00:04 =   88.7/s Avg:    88 Min:     3 Max:  1565 Err:    20 (6.02%) Active: 10 Started: 10 Finished: 0
2020-01-17 12:56:01,650 INFO o.a.j.t.JMeterThread: Thread is done: Thread Group 1-1
2020-01-17 12:56:01,650 INFO o.a.j.t.JMeterThread: Thread finished: Thread Group 1-1
2020-01-17 12:56:03,029 INFO o.a.j.t.JMeterThread: Thread is done: Thread Group 1-2
2020-01-17 12:56:03,029 INFO o.a.j.t.JMeterThread: Thread finished: Thread Group 1-2
2020-01-17 12:56:03,569 INFO o.a.j.t.JMeterThread: Thread is done: Thread Group 1-3
2020-01-17 12:56:03,569 INFO o.a.j.t.JMeterThread: Thread finished: Thread Group 1-3
2020-01-17 12:56:03,885 INFO o.a.j.r.ResultCollector: Shutdown hook started
2020-01-17 12:56:03,886 INFO o.a.j.r.ResultCollector: Shutdown hook ended
